[179700:195840:2022-10-17 9:1:7.286] Main Start
[179700:195840:2022-10-17 9:1:7.287] Command line:"C:\Users\chandrab.USEREADYTECH\OneDrive - USEReady Technology Private Limited\Desktop\USEReady-Content\Iceberg\Zoom_cm_fkwzv4850kZ9vvrZo4_mHPoViQUYCq4uY0g-ZD749R1WSec5h7TejubJ@azbz89X-vorM3rmr_k018c1834ccfb50cd_.exe"  Instance:0x2C0000 Show State:1
[179700:195840:2022-10-17 9:1:8.353] C:\
[179700:192900:2022-10-17 9:1:8.699] [process_requst] start, url:https://ethoslife.zoom.us/conf/launch
[179700:192900:2022-10-17 9:1:11.230] [req_state_read_status_code] zHttpQueryInfo complete, status:200
[179700:192900:2022-10-17 9:1:11.231] [req_state_read_status_code] zHttpQueryInfo complete, status:200 Error: 0
[179700:192900:2022-10-17 9:1:11.231] [log_response_content] Content length (1048576 as unknown):1691 , Total read: 1691 , Error No: 0 , Status code: 200
[179700:192900:2022-10-17 9:1:11.231] [log_response_content] header:
[179700:192900:2022-10-17 9:1:11.231] HTTP/1.1 200 
Content-Type: text/plain;charset=utf-8
Content-Length: 1691
Connection: keep-alive
x-zm-trackingid: v=2.0;clid=us06;rid=WEB_abaccab3453d850cc02f7bebe8431044
X-Content-Type-Options: nosniff
Content-Security-Policy: upgrade-insecure-requests; default-src https://*.zoom.us https://zoom.us blob: 'self'; img-src https: about: blob: data: 'self'; style-src https: safari-extension: chrome-extension: 'unsafe-inline' data: 'self'; font-src https: safari-extension: chrome-extension: blob: data: 'self'; connect-src * about: blob: data: 'self'; media-src * rtmp: blob: data: 'self'; frame-src https: ms-appx-web: zoommtg: zoomus: wvjbscheme: data: 'self'; object-src 'none'; base-uri 'none';
X-FRAME-OPTIONS: SAMEORIGIN
Set-Cookie: zm_aid=""; Domain=.zoom.us; Expires=Thu, 01-Jan-1970 00:00:10 GMT; Path=/; Secure; HttpOnly
Set-Cookie: zm_haid=""; Domain=.zoom.us; Expires=Thu, 01-Jan-1970 00:00:10 GMT; Path=/; Secure; HttpOnly
Set-Cookie: zm_tmaid=""; Domain=.zoom.us; Expires=Thu, 01-Jan-1970 00:00:10 GMT; Path=/; Secure; HttpOnly
Set-Cookie: zm_htmaid=""; Domain=.zoom.us; Expires=Thu, 01-Jan-1970 00:00:10 GMT; Path=/; Secure; HttpOnly
Set-Cookie: cred=0CE74961BBDF7B0C0BA3A88DEB637311; Path=/; Secure; HttpOnly
Set-Cookie: _zm_page_auth=us06_c_RejAtsvUTEilQaaFduPggg; Domain=.zoom.us; Path=/; Secure; HttpOnly
p3p: CP="NOI ADM DEV PSAi COM NAV OUR OTR STP IND DEM"
Set-Cookie: _zm_ssid=us06_c_kXYzMZTwS7GZxT3_sjKgHA; Domain=.zoom.us; Path=/; Secure; HttpOnly
Set-Cookie: _zm_ctaid=4WTNCXpFRo-YAAIYLzBX0w.1665977504893.d20c8e28c75b9bb89d469ae77295c7dd; Domain=.zoom.us; Expires=Mon, 17-Oct-2022 05:31:44 GMT; Path=/; Secure; HttpOnly
Set-Cookie: _zm_chtaid=724; Domain=.zoom.us; Expires=Mon, 17-Oct-2022 05:31:44 GMT; Path=/; Secure; HttpOnly
x-zm-zoneid: VA
Set-Cookie: _zm_mtk_guid=2b46b60c6e8541579b8c06e100a40fae; Domain=.zoom.us; Expires=Wed, 16-Oct-2024 03:31:44 GMT; Path=/; Secure
Strict-Transport-Security: max-age=31536000; includeSubDomains
X-XSS-Protection: 1; mode=block
Referrer-Policy: strict-origin-when-cross-origin
Set-Cookie: TS01f92dc5=01fdd41ebb18f5391df56918326d8e1267160cd19edeb2439efea8766d1af76d96c143b192462289aad29dd69efc564a5117763a34; Path=/; Secure; HttpOnly; SameSite=Strict;
Set-Cookie: TS018dd1ba=01fdd41ebb18f5391df56918326d8e1267160cd19edeb2439efea8766d1af76d96c143b192462289aad29dd69efc564a5117763a34; path=/; domain=.zoom.us


[179700:192900:2022-10-17 9:1:11.231] [process_requst] End for url:https://ethoslife.zoom.us/conf/launch, return code:200, Error:0, Response content size:1691
[179700:195840:2022-10-17 9:1:11.272] [client_has_installed_app] found path:
[179700:195840:2022-10-17 9:1:11.272]  ***NULL-POINTER-PLACEHOLDER***
[179700:195840:2022-10-17 9:1:11.274] [param_query_local_path] path is: C:\Users\chandrab.USEREADYTECH\AppData\Roaming\Zoom\ZoomDownload\ dir create response : 1 system error: 1008
[179700:195840:2022-10-17 9:1:11.274] [downloader_run] State:0
[179700:192844:2022-10-17 9:1:11.277] [process_requst] start, url:https://ethoslife.zoom.us/client/latest/Installer.exe?archType=x64
[179700:195840:2022-10-17 9:1:11.277] [client_has_installed_app] found path:
[179700:195840:2022-10-17 9:1:11.278]  ***NULL-POINTER-PLACEHOLDER***
[179700:192844:2022-10-17 9:1:13.980] [req_state_read_status_code] zHttpQueryInfo complete, status:200
[179700:192844:2022-10-17 9:1:13.980] [req_state_read_status_code] zHttpQueryInfo complete, status:200 Error: 0
[179700:192844:2022-10-17 9:1:14.736] [read_response_file] Status Code:200, content length: 977320, total read: 977320, error code: 0
[179700:192844:2022-10-17 9:1:14.739] [process_requst] End for url:https://ethoslife.zoom.us/client/latest/Installer.exe?archType=x64, return code:200, Error:0, Response content size:0
[179700:195840:2022-10-17 9:1:14.788] [handle_download_job_done] Index: 1 Curr index: 1 StatusCode: 200 Error: 0 Response is Empty. 
[179700:192844:2022-10-17 9:1:14.953] [process_requst] start, url:https://ethoslife.zoom.us/client/latest/Zoom.msi?archType=x64
[179700:192844:2022-10-17 9:1:16.149] [req_state_read_status_code] zHttpQueryInfo complete, status:200
[179700:192844:2022-10-17 9:1:16.149] [req_state_read_status_code] zHttpQueryInfo complete, status:200 Error: 0
[179700:192844:2022-10-17 9:1:18.667] [read_response_file] Status Code:200, content length: 28467769, total read: 28467769, error code: 0
[179700:192844:2022-10-17 9:1:18.688] [process_requst] End for url:https://ethoslife.zoom.us/client/latest/Zoom.msi?archType=x64, return code:200, Error:0, Response content size:0
[179700:195840:2022-10-17 9:1:18.745] [handle_download_job_done] Index: 2 Curr index: 2 StatusCode: 200 Error: 0 Response is Empty. 
[179700:195840:2022-10-17 9:1:18.776] C:\Users\chandrab.USEREADYTECH\AppData\Roaming\Zoom\ZoomDownload\Installer.exe
[179700:195840:2022-10-17 9:1:18.776] ZInstaller --conf.mode=silent --ipc_wnd=1508192
[179700:195840:2022-10-17 9:1:20.508] [launch_silent_install] Installer process created, result:42
[179700:195840:2022-10-17 9:1:33.191] C:\Users\chandrab.USEREADYTECH\AppData\Roaming\Zoom\bin\Zoom.exe
[179700:195840:2022-10-17 9:1:33.224] client_launch_app: 
[179700:195840:2022-10-17 9:1:33.224] C:\Users\chandrab.USEREADYTECH\AppData\Roaming\Zoom\bin\Zoom.exe
[179700:195840:2022-10-17 9:1:33.224] "--url=zoommtg://win.launch?h.domain=ethoslife.zoom.us&h.path=join&confid=dXNzPVNucTlnODVWM3R6eG90cXY0ZjVHUXNseTFDTFFBMWl3NHIzU1kxZEtDUHM5VjBETFFQdUtJc0RsU2hyTW42NmN4RVhKQW9wbnpVbjdrTElsdWQyTldKeVBYcm55NDhrLnF3ZmF3cnl0TExzY04tTWsmdGlkPTJlNDQzMTk1Zjc0NzRmMTBhMzEzMGNhNjUyZTUyY2Jh&mcv=0.92.11227.0929&stype=0&zc=0&browser=chrome&action=join&confno=86100959922&pwd=NDAzakNoeUx2YWU2RFpxYlpYYjE3dz09"
[179700:195840:2022-10-17 9:1:33.526] [client_launch_app] Zoom app process created, result:42
[179700:195840:2022-10-17 9:1:34.18] Main End
